<?xml version="1.0" encoding="UTF-8"?>
<!-- Generated by org.testng.reporters.JUnitReportReporter -->
<testsuite skipped="0" hostname="Onur-Mumcus-iMac.local" name="tests.GoogleSearch" tests="1" failures="0" timestamp="12 May 2018 12:40:31 GMT" time="1.366" errors="0">
  <testcase name="googleSearch" time="1.366" classname="tests.GoogleSearch"/>
</testsuite> <!-- tests.GoogleSearch -->
