<?xml version="1.0" encoding="UTF-8"?>
<!-- Generated by org.testng.reporters.JUnitReportReporter -->
<testsuite skipped="0" hostname="VAIO" name="com.prestashop.tests.SearchTest" tests="2" failures="0" timestamp="14 May 2018 19:25:10 GMT" time="6.321" errors="0">
  <testcase name="searchTest" time="5.060" classname="com.prestashop.tests.SearchTest"/>
  <testcase name="productDetailsTest" time="1.261" classname="com.prestashop.tests.SearchTest"/>
</testsuite> <!-- com.prestashop.tests.SearchTest -->
