<?xml version="1.0" encoding="UTF-8"?>
<!-- Generated by org.testng.reporters.JUnitReportReporter -->
<testsuite skipped="0" hostname="VAIO" name="com.prestashop.tests.LoginTests" tests="1" failures="0" timestamp="14 May 2018 19:25:09 GMT" time="4.012" errors="0">
  <testcase name="positiveLoginTest" time="4.012" classname="com.prestashop.tests.LoginTests"/>
</testsuite> <!-- com.prestashop.tests.LoginTests -->
